<?xml version="1.0" encoding="UTF-8"?>
<!-- Generated by org.testng.reporters.JUnitReportReporter -->
<testsuite skipped="0" hostname="Lenovo" name="Scripts.TestNg" tests="2" failures="0" timestamp="24 May 2022 12:51:45 GMT" time="0.075" errors="0">
  <testcase name="m" time="0.047" classname="Scripts.TestNg"/>
  <testcase name="n" time="0.028" classname="Scripts.TestNg"/>
</testsuite> <!-- Scripts.TestNg -->
